<?xml version="1.0" encoding="UTF-8"?>
<!-- Generated by org.testng.reporters.JUnitReportReporter -->
<testsuite hostname="LAPTOP-U0L5QPBP" failures="0" tests="2" name="AutamitationPractice.Tests" time="22.676" errors="0" timestamp="2021-12-20T10:55:15 COT" skipped="0">
  <testcase classname="AutamitationPractice.Tests" name="VerifyThreeArrivalsNavegate" time="12.657"/>
  <system-out/>
  <testcase classname="AutamitationPractice.Tests" name="VerifyThreeArrivalsOnly" time="10.019"/>
  <system-out/>
</testsuite> <!-- AutamitationPractice.Tests -->
