<?xml version="1.0" encoding="UTF-8"?>
<!-- Generated by org.testng.reporters.JUnitReportReporter -->
<testsuite hostname="LAPTOP-U0L5QPBP" failures="0" tests="5" name="segurosBolivar.TestClass" time="38.990" errors="0" timestamp="2021-12-27T11:47:55 COT" skipped="0">
  <testcase classname="segurosBolivar.TestClass" name="VerifyVivaAir" time="5.809"/>
  <system-out/>
  <testcase classname="segurosBolivar.TestClass" name="VerifyVivaAir" time="7.620"/>
  <system-out/>
  <testcase classname="segurosBolivar.TestClass" name="VerifyVivaAir" time="14.158"/>
  <system-out/>
  <testcase classname="segurosBolivar.TestClass" name="VerifyVivaAir" time="6.306"/>
  <system-out/>
  <testcase classname="segurosBolivar.TestClass" name="VerifyVivaAir" time="5.097"/>
  <system-out/>
</testsuite> <!-- segurosBolivar.TestClass -->
