<?xml version="1.0" encoding="UTF-8"?>
<!-- Generated by org.testng.reporters.JUnitReportReporter -->
<testsuite hostname="LAPTOP-U0L5QPBP" failures="0" tests="1" name="Appiumpractica4.NewTest" time="7.559" errors="0" timestamp="29 ene. 2022 21:42:00 GMT" skipped="0">
  <testcase classname="Appiumpractica4.NewTest" name="f" time="7.559"/>
</testsuite> <!-- Appiumpractica4.NewTest -->
