<?xml version="1.0" encoding="UTF-8"?>
<!-- Generated by org.testng.reporters.JUnitReportReporter -->
<testsuite hostname="LAPTOP-U0L5QPBP" failures="0" tests="6" name="example.NewTest" time="149.497" errors="0" timestamp="2022-01-20T18:56:18 VET" skipped="0">
  <testcase classname="example.NewTest" name="Test" time="25.442"/>
  <system-out/>
  <testcase classname="example.NewTest" name="Test" time="18.608"/>
  <system-out/>
  <testcase classname="example.NewTest" name="Test" time="17.796"/>
  <system-out/>
  <testcase classname="example.NewTest" name="Test" time="35.703"/>
  <system-out/>
  <testcase classname="example.NewTest" name="Test" time="32.650"/>
  <system-out/>
  <testcase classname="example.NewTest" name="Test" time="19.298"/>
  <system-out/>
</testsuite> <!-- example.NewTest -->
