<?xml version="1.0" encoding="UTF-8"?>
<!-- Generated by org.testng.reporters.JUnitReportReporter -->
<testsuite hostname="LAPTOP-U0L5QPBP" failures="0" tests="3" name="winDriverTest.NotePadTest" time="10.793" errors="0" timestamp="2022-02-02T16:18:12 COT" skipped="0">
  <testcase classname="winDriverTest.NotePadTest" name="checkAboutWindow" time="2.069"/>
  <system-out/>
  <testcase classname="winDriverTest.NotePadTest" name="pressTimeAndDateButton" time="2.210"/>
  <system-out/>
  <testcase classname="winDriverTest.NotePadTest" name="sendTestText" time="6.514"/>
  <system-out/>
</testsuite> <!-- winDriverTest.NotePadTest -->
