<?xml version="1.0" encoding="UTF-8"?>
<!-- Generated by org.testng.reporters.JUnitReportReporter -->
<testsuite hostname="LAPTOP-U0L5QPBP" failures="0" tests="1" name="example.TestClass" time="7.069" errors="0" timestamp="2022-01-05T15:06:12 COT" skipped="0">
  <testcase classname="example.TestClass" name="test" time="7.069"/>
  <system-out/>
</testsuite> <!-- example.TestClass -->
